# JRE version: OpenJDK Runtime Environment (7.0_65-b32) (build 1.7.0_65-b32)
# Java VM: OpenJDK 64-Bit Server VM (24.65-b04 mixed mode linux-amd64 compressed oops)
Heap
 def new generation   total 365120K, used 0K [0x0000000098000000, 0x00000000b0c20000, 0x00000000b8000000)
  eden space 324608K,   0% used [0x0000000098000000, 0x0000000098000000, 0x00000000abd00000)
  from space 40512K,   0% used [0x00000000abd00000, 0x00000000abd00000, 0x00000000ae490000)
  to   space 40512K,   0% used [0x00000000ae490000, 0x00000000ae490000, 0x00000000b0c20000)
 tenured generation   total 902904K, used 851341K [0x00000000b8000000, 0x00000000ef1be000, 0x00000000f8000000)
   the space 902904K,  94% used [0x00000000b8000000, 0x00000000ebf63610, 0x00000000ebf63800, 0x00000000ef1be000)
 compacting perm gen  total 33408K, used 33153K [0x00000000f8000000, 0x00000000fa0a0000, 0x0000000100000000)
   the space 33408K,  99% used [0x00000000f8000000, 0x00000000fa060750, 0x00000000fa060800, 0x00000000fa0a0000)
GC Heap History (10 events):
Event: 40.383 GC heap after
Heap after GC invocations=10 (full 2):
 def new generation   total 272576K, used 30271K [0x0000000098000000, 0x00000000aa7c0000, 0x00000000b8000000)
  eden space 242304K,   0% used [0x0000000098000000, 0x0000000098000000, 0x00000000a6ca0000)
  from space 30272K,  99% used [0x00000000a8a30000, 0x00000000aa7bfff8, 0x00000000aa7c0000)
  to   space 30272K,   0% used [0x00000000a6ca0000, 0x00000000a6ca0000, 0x00000000a8a30000)
 tenured generation   total 605576K, used 417962K [0x00000000b8000000, 0x00000000dcf62000, 0x00000000f8000000)
   the space 605576K,  69% used [0x00000000b8000000, 0x00000000d182a9b0, 0x00000000d182aa00, 0x00000000dcf62000)
 compacting perm gen  total 32128K, used 31991K [0x00000000f8000000, 0x00000000f9f60000, 0x0000000100000000)
   the space 32128K,  99% used [0x00000000f8000000, 0x00000000f9f3df78, 0x00000000f9f3e000, 0x00000000f9f60000)
No shared spaces configured.
}
Event: 42.448 GC heap before
{Heap before GC invocations=10 (full 2):
 def new generation   total 272576K, used 178131K [0x0000000098000000, 0x00000000aa7c0000, 0x00000000b8000000)
  eden space 242304K,  61% used [0x0000000098000000, 0x00000000a1064d48, 0x00000000a6ca0000)
  from space 30272K,  99% used [0x00000000a8a30000, 0x00000000aa7bfff8, 0x00000000aa7c0000)
  to   space 30272K,   0% used [0x00000000a6ca0000, 0x00000000a6ca0000, 0x00000000a8a30000)
 tenured generation   total 605576K, used 417962K [0x00000000b8000000, 0x00000000dcf62000, 0x00000000f8000000)
   the space 605576K,  69% used [0x00000000b8000000, 0x00000000d182a9b0, 0x00000000d182aa00, 0x00000000dcf62000)
 compacting perm gen  total 33088K, used 33087K [0x00000000f8000000, 0x00000000fa050000, 0x0000000100000000)
   the space 33088K,  99% used [0x00000000f8000000, 0x00000000fa04ffb8, 0x00000000fa050000, 0x00000000fa050000)
No shared spaces configured.
Event: 44.155 GC heap after
Heap after GC invocations=11 (full 3):
 def new generation   total 365120K, used 0K [0x0000000098000000, 0x00000000b0c20000, 0x00000000b8000000)
  eden space 324608K,   0% used [0x0000000098000000, 0x0000000098000000, 0x00000000abd00000)
  from space 40512K,   0% used [0x00000000abd00000, 0x00000000abd00000, 0x00000000ae490000)
  to   space 40512K,   0% used [0x00000000ae490000, 0x00000000ae490000, 0x00000000b0c20000)
 tenured generation   total 811128K, used 486674K [0x00000000b8000000, 0x00000000e981e000, 0x00000000f8000000)
   the space 811128K,  59% used [0x00000000b8000000, 0x00000000d5b44a38, 0x00000000d5b44c00, 0x00000000e981e000)
 compacting perm gen  total 33088K, used 33087K [0x00000000f8000000, 0x00000000fa050000, 0x0000000100000000)
   the space 33088K,  99% used [0x00000000f8000000, 0x00000000fa04ffb8, 0x00000000fa050000, 0x00000000fa050000)
No shared spaces configured.
}
Event: 49.200 GC heap before
{Heap before GC invocations=11 (full 3):
 def new generation   total 365120K, used 324608K [0x0000000098000000, 0x00000000b0c20000, 0x00000000b8000000)
  eden space 324608K, 100% used [0x0000000098000000, 0x00000000abd00000, 0x00000000abd00000)
  from space 40512K,   0% used [0x00000000abd00000, 0x00000000abd00000, 0x00000000ae490000)
  to   space 40512K,   0% used [0x00000000ae490000, 0x00000000ae490000, 0x00000000b0c20000)
 tenured generation   total 811128K, used 486674K [0x00000000b8000000, 0x00000000e981e000, 0x00000000f8000000)
   the space 811128K,  59% used [0x00000000b8000000, 0x00000000d5b44a38, 0x00000000d5b44c00, 0x00000000e981e000)
 compacting perm gen  total 33408K, used 33147K [0x00000000f8000000, 0x00000000fa0a0000, 0x0000000100000000)
   the space 33408K,  99% used [0x00000000f8000000, 0x00000000fa05ee98, 0x00000000fa05f000, 0x00000000fa0a0000)
No shared spaces configured.
Event: 50.225 GC heap after
Heap after GC invocations=12 (full 3):
 def new generation   total 365120K, used 40512K [0x0000000098000000, 0x00000000b0c20000, 0x00000000b8000000)
  eden space 324608K,   0% used [0x0000000098000000, 0x0000000098000000, 0x00000000abd00000)
  from space 40512K, 100% used [0x00000000ae490000, 0x00000000b0c20000, 0x00000000b0c20000)
  to   space 40512K,   0% used [0x00000000abd00000, 0x00000000abd00000, 0x00000000ae490000)
 tenured generation   total 811128K, used 568230K [0x00000000b8000000, 0x00000000e981e000, 0x00000000f8000000)
   the space 811128K,  70% used [0x00000000b8000000, 0x00000000daae9bb0, 0x00000000daae9c00, 0x00000000e981e000)
 compacting perm gen  total 33408K, used 33147K [0x00000000f8000000, 0x00000000fa0a0000, 0x0000000100000000)
   the space 33408K,  99% used [0x00000000f8000000, 0x00000000fa05ee98, 0x00000000fa05f000, 0x00000000fa0a0000)
No shared spaces configured.
}
Event: 56.113 GC heap before
{Heap before GC invocations=12 (full 3):
 def new generation   total 365120K, used 365120K [0x0000000098000000, 0x00000000b0c20000, 0x00000000b8000000)
  eden space 324608K, 100% used [0x0000000098000000, 0x00000000abd00000, 0x00000000abd00000)
  from space 40512K, 100% used [0x00000000ae490000, 0x00000000b0c20000, 0x00000000b0c20000)
  to   space 40512K,   0% used [0x00000000abd00000, 0x00000000abd00000, 0x00000000ae490000)
 tenured generation   total 811128K, used 568230K [0x00000000b8000000, 0x00000000e981e000, 0x00000000f8000000)
   the space 811128K,  70% used [0x00000000b8000000, 0x00000000daae9bb0, 0x00000000daae9c00, 0x00000000e981e000)
 compacting perm gen  total 33408K, used 33161K [0x00000000f8000000, 0x00000000fa0a0000, 0x0000000100000000)
   the space 33408K,  99% used [0x00000000f8000000, 0x00000000fa0624d8, 0x00000000fa062600, 0x00000000fa0a0000)
No shared spaces configured.
Event: 57.047 GC heap after
Heap after GC invocations=13 (full 3):
 def new generation   total 365120K, used 40511K [0x0000000098000000, 0x00000000b0c20000, 0x00000000b8000000)
  eden space 324608K,   0% used [0x0000000098000000, 0x0000000098000000, 0x00000000abd00000)
  from space 40512K,  99% used [0x00000000abd00000, 0x00000000ae48fff8, 0x00000000ae490000)
  to   space 40512K,   0% used [0x00000000ae490000, 0x00000000ae490000, 0x00000000b0c20000)
 tenured generation   total 811128K, used 667413K [0x00000000b8000000, 0x00000000e981e000, 0x00000000f8000000)
   the space 811128K,  82% used [0x00000000b8000000, 0x00000000e0bc5460, 0x00000000e0bc5600, 0x00000000e981e000)
 compacting perm gen  total 33408K, used 33161K [0x00000000f8000000, 0x00000000fa0a0000, 0x0000000100000000)
   the space 33408K,  99% used [0x00000000f8000000, 0x00000000fa0624d8, 0x00000000fa062600, 0x00000000fa0a0000)
No shared spaces configured.
}
Event: 62.600 GC heap before
{Heap before GC invocations=13 (full 3):
 def new generation   total 365120K, used 365119K [0x0000000098000000, 0x00000000b0c20000, 0x00000000b8000000)
  eden space 324608K, 100% used [0x0000000098000000, 0x00000000abd00000, 0x00000000abd00000)
  from space 40512K,  99% used [0x00000000abd00000, 0x00000000ae48fff8, 0x00000000ae490000)
  to   space 40512K,   0% used [0x00000000ae490000, 0x00000000ae490000, 0x00000000b0c20000)
 tenured generation   total 811128K, used 667413K [0x00000000b8000000, 0x00000000e981e000, 0x00000000f8000000)
   the space 811128K,  82% used [0x00000000b8000000, 0x00000000e0bc5460, 0x00000000e0bc5600, 0x00000000e981e000)
 compacting perm gen  total 33408K, used 33164K [0x00000000f8000000, 0x00000000fa0a0000, 0x0000000100000000)
   the space 33408K,  99% used [0x00000000f8000000, 0x00000000fa063318, 0x00000000fa063400, 0x00000000fa0a0000)
No shared spaces configured.
Event: 63.517 GC heap after
Heap after GC invocations=14 (full 3):
 def new generation   total 365120K, used 40511K [0x0000000098000000, 0x00000000b0c20000, 0x00000000b8000000)
  eden space 324608K,   0% used [0x0000000098000000, 0x0000000098000000, 0x00000000abd00000)
  from space 40512K,  99% used [0x00000000ae490000, 0x00000000b0c1fff8, 0x00000000b0c20000)
  to   space 40512K,   0% used [0x00000000abd00000, 0x00000000abd00000, 0x00000000ae490000)
 tenured generation   total 811128K, used 803350K [0x00000000b8000000, 0x00000000e981e000, 0x00000000f8000000)
   the space 811128K,  99% used [0x00000000b8000000, 0x00000000e9085838, 0x00000000e9085a00, 0x00000000e981e000)
 compacting perm gen  total 33408K, used 33164K [0x00000000f8000000, 0x00000000fa0a0000, 0x0000000100000000)
   the space 33408K,  99% used [0x00000000f8000000, 0x00000000fa063318, 0x00000000fa063400, 0x00000000fa0a0000)
No shared spaces configured.
}
Event: 71.405 GC heap before
{Heap before GC invocations=14 (full 3):
 def new generation   total 365120K, used 365119K [0x0000000098000000, 0x00000000b0c20000, 0x00000000b8000000)
  eden space 324608K, 100% used [0x0000000098000000, 0x00000000abd00000, 0x00000000abd00000)
  from space 40512K,  99% used [0x00000000ae490000, 0x00000000b0c1fff8, 0x00000000b0c20000)
  to   space 40512K,   0% used [0x00000000abd00000, 0x00000000abd00000, 0x00000000ae490000)
 tenured generation   total 811128K, used 803350K [0x00000000b8000000, 0x00000000e981e000, 0x00000000f8000000)
   the space 811128K,  99% used [0x00000000b8000000, 0x00000000e9085838, 0x00000000e9085a00, 0x00000000e981e000)
 compacting perm gen  total 33408K, used 33169K [0x00000000f8000000, 0x00000000fa0a0000, 0x0000000100000000)
   the space 33408K,  99% used [0x00000000f8000000, 0x00000000fa0646d8, 0x00000000fa064800, 0x00000000fa0a0000)
No shared spaces configured.

